/home/the_hassan_shahzad/ros2_ws/src/BiStable_scripts/install/BiStable_scripts/lib/python3.10/site-packages/BiStable_scripts/__init__.py
/home/the_hassan_shahzad/ros2_ws/src/BiStable_scripts/install/BiStable_scripts/lib/python3.10/site-packages/BiStable_scripts/gamepad_publisher_basic.py
/home/the_hassan_shahzad/ros2_ws/src/BiStable_scripts/install/BiStable_scripts/lib/python3.10/site-packages/BiStable_scripts/gamepad_publisher_custom_msg.py
/home/the_hassan_shahzad/ros2_ws/src/BiStable_scripts/install/BiStable_scripts/lib/python3.10/site-packages/BiStable_scripts/hand_tracking.py
/home/the_hassan_shahzad/ros2_ws/src/BiStable_scripts/install/BiStable_scripts/lib/python3.10/site-packages/BiStable_scripts/better_publisher.py
/home/the_hassan_shahzad/ros2_ws/src/BiStable_scripts/install/BiStable_scripts/lib/python3.10/site-packages/BiStable_scripts/combiner_node.py
/home/the_hassan_shahzad/ros2_ws/src/BiStable_scripts/install/BiStable_scripts/lib/python3.10/site-packages/BiStable_scripts/gamepad_publisher.py
/home/the_hassan_shahzad/ros2_ws/src/BiStable_scripts/install/BiStable_scripts/lib/python3.10/site-packages/BiStable_scripts/__pycache__/__init__.cpython-310.pyc
/home/the_hassan_shahzad/ros2_ws/src/BiStable_scripts/install/BiStable_scripts/lib/python3.10/site-packages/BiStable_scripts/__pycache__/gamepad_publisher_basic.cpython-310.pyc
/home/the_hassan_shahzad/ros2_ws/src/BiStable_scripts/install/BiStable_scripts/lib/python3.10/site-packages/BiStable_scripts/__pycache__/gamepad_publisher_custom_msg.cpython-310.pyc
/home/the_hassan_shahzad/ros2_ws/src/BiStable_scripts/install/BiStable_scripts/lib/python3.10/site-packages/BiStable_scripts/__pycache__/hand_tracking.cpython-310.pyc
/home/the_hassan_shahzad/ros2_ws/src/BiStable_scripts/install/BiStable_scripts/lib/python3.10/site-packages/BiStable_scripts/__pycache__/better_publisher.cpython-310.pyc
/home/the_hassan_shahzad/ros2_ws/src/BiStable_scripts/install/BiStable_scripts/lib/python3.10/site-packages/BiStable_scripts/__pycache__/combiner_node.cpython-310.pyc
/home/the_hassan_shahzad/ros2_ws/src/BiStable_scripts/install/BiStable_scripts/lib/python3.10/site-packages/BiStable_scripts/__pycache__/gamepad_publisher.cpython-310.pyc
/home/the_hassan_shahzad/ros2_ws/src/BiStable_scripts/install/BiStable_scripts/share/ament_index/resource_index/packages/BiStable_scripts
/home/the_hassan_shahzad/ros2_ws/src/BiStable_scripts/install/BiStable_scripts/share/BiStable_scripts/package.xml
/home/the_hassan_shahzad/ros2_ws/src/BiStable_scripts/install/BiStable_scripts/lib/python3.10/site-packages/BiStable_scripts-0.0.0-py3.10.egg-info/requires.txt
/home/the_hassan_shahzad/ros2_ws/src/BiStable_scripts/install/BiStable_scripts/lib/python3.10/site-packages/BiStable_scripts-0.0.0-py3.10.egg-info/dependency_links.txt
/home/the_hassan_shahzad/ros2_ws/src/BiStable_scripts/install/BiStable_scripts/lib/python3.10/site-packages/BiStable_scripts-0.0.0-py3.10.egg-info/PKG-INFO
/home/the_hassan_shahzad/ros2_ws/src/BiStable_scripts/install/BiStable_scripts/lib/python3.10/site-packages/BiStable_scripts-0.0.0-py3.10.egg-info/SOURCES.txt
/home/the_hassan_shahzad/ros2_ws/src/BiStable_scripts/install/BiStable_scripts/lib/python3.10/site-packages/BiStable_scripts-0.0.0-py3.10.egg-info/zip-safe
/home/the_hassan_shahzad/ros2_ws/src/BiStable_scripts/install/BiStable_scripts/lib/python3.10/site-packages/BiStable_scripts-0.0.0-py3.10.egg-info/entry_points.txt
/home/the_hassan_shahzad/ros2_ws/src/BiStable_scripts/install/BiStable_scripts/lib/python3.10/site-packages/BiStable_scripts-0.0.0-py3.10.egg-info/top_level.txt
/home/the_hassan_shahzad/ros2_ws/src/BiStable_scripts/install/BiStable_scripts/lib/BiStable_scripts/combiner_node
/home/the_hassan_shahzad/ros2_ws/src/BiStable_scripts/install/BiStable_scripts/lib/BiStable_scripts/gamepad_publisher
/home/the_hassan_shahzad/ros2_ws/src/BiStable_scripts/install/BiStable_scripts/lib/BiStable_scripts/gamepad_publisher_custom_msg
/home/the_hassan_shahzad/ros2_ws/src/BiStable_scripts/install/BiStable_scripts/lib/BiStable_scripts/tracking_publisher
