[1.200s] DEBUG:colcon:Command line arguments: ['/usr/bin/colcon', 'build']
[1.200s] DEBUG:colcon:Parsed command line arguments: Namespace(log_base=None, log_level=None, verb_name='build', build_base='build', install_base='install', merge_install=False, symlink_install=False, test_result_base=None, continue_on_error=False, executor='parallel', parallel_workers=16, event_handlers=None, ignore_user_meta=False, metas=['./colcon.meta'], base_paths=['.'], packages_ignore=None, packages_ignore_regex=None, paths=None, packages_up_to=None, packages_up_to_regex=None, packages_above=None, packages_above_and_dependencies=None, packages_above_depth=None, packages_select_by_dep=None, packages_skip_by_dep=None, packages_skip_up_to=None, packages_select_build_failed=False, packages_skip_build_finished=False, packages_select_test_failures=False, packages_skip_test_passed=False, packages_select=None, packages_skip=None, packages_select_regex=None, packages_skip_regex=None, packages_start=None, packages_end=None, allow_overriding=[], cmake_args=None, cmake_target=None, cmake_target_skip_unavailable=False, cmake_clean_cache=False, cmake_clean_first=False, cmake_force_configure=False, ament_cmake_args=None, catkin_cmake_args=None, catkin_skip_building_tests=False, verb_parser=<colcon_defaults.argument_parser.defaults.DefaultArgumentsDecorator object at 0x7c43b6b82260>, verb_extension=<colcon_core.verb.build.BuildVerb object at 0x7c43b6b81f60>, main=<bound method BuildVerb.main of <colcon_core.verb.build.BuildVerb object at 0x7c43b6b81f60>>)
[1.255s] Level 1:colcon.colcon_core.package_discovery:discover_packages(colcon_meta) check parameters
[1.255s] Level 1:colcon.colcon_core.package_discovery:discover_packages(recursive) check parameters
[1.255s] Level 1:colcon.colcon_core.package_discovery:discover_packages(ignore) check parameters
[1.255s] Level 1:colcon.colcon_core.package_discovery:discover_packages(path) check parameters
[1.255s] Level 1:colcon.colcon_core.package_discovery:discover_packages(colcon_meta) discover
[1.255s] Level 1:colcon.colcon_core.package_discovery:discover_packages(recursive) discover
[1.255s] INFO:colcon.colcon_core.package_discovery:Crawling recursively for packages in '/home/the_hassan_shahzad/ros2_ws/src/BiStable_scripts'
[1.255s] Level 1:colcon.colcon_core.package_identification:_identify(.) by extensions ['ignore', 'ignore_ament_install']
[1.255s] Level 1:colcon.colcon_core.package_identification:_identify(.) by extension 'ignore'
[1.256s] Level 1:colcon.colcon_core.package_identification:_identify(.) by extension 'ignore_ament_install'
[1.256s] Level 1:colcon.colcon_core.package_identification:_identify(.) by extensions ['colcon_pkg']
[1.256s] Level 1:colcon.colcon_core.package_identification:_identify(.) by extension 'colcon_pkg'
[1.256s] Level 1:colcon.colcon_core.package_identification:_identify(.) by extensions ['colcon_meta']
[1.256s] Level 1:colcon.colcon_core.package_identification:_identify(.) by extension 'colcon_meta'
[1.256s] Level 1:colcon.colcon_core.package_identification:_identify(.) by extensions ['ros']
[1.256s] Level 1:colcon.colcon_core.package_identification:_identify(.) by extension 'ros'
[1.271s] DEBUG:colcon.colcon_core.package_identification:Package '.' with type 'ros.ament_python' and name 'BiStable_scripts'
[1.271s] Level 1:colcon.colcon_core.package_discovery:discover_packages(recursive) using defaults
[1.271s] Level 1:colcon.colcon_core.package_discovery:discover_packages(ignore) discover
[1.271s] Level 1:colcon.colcon_core.package_discovery:discover_packages(ignore) using defaults
[1.271s] Level 1:colcon.colcon_core.package_discovery:discover_packages(path) discover
[1.271s] Level 1:colcon.colcon_core.package_discovery:discover_packages(path) using defaults
[1.408s] Level 1:colcon.colcon_core.package_discovery:discover_packages(prefix_path) check parameters
[1.408s] Level 1:colcon.colcon_core.package_discovery:discover_packages(prefix_path) discover
[1.448s] DEBUG:colcon.colcon_installed_package_information.package_discovery:Found 1 installed packages in /home/the_hassan_shahzad/ros2_ws/src/BiStable_scripts/install
[1.466s] DEBUG:colcon.colcon_installed_package_information.package_discovery:Found 29 installed packages in /home/the_hassan_shahzad/ros2_ws/src/install
[1.484s] DEBUG:colcon.colcon_installed_package_information.package_discovery:Found 30 installed packages in /home/the_hassan_shahzad/ros2_ws/install
[1.504s] DEBUG:colcon.colcon_installed_package_information.package_discovery:Found 425 installed packages in /opt/ros/humble
[1.506s] Level 1:colcon.colcon_core.package_discovery:discover_packages(prefix_path) using defaults
[1.625s] Level 5:colcon.colcon_core.verb:set package 'BiStable_scripts' build argument 'cmake_args' from command line to 'None'
[1.625s] Level 5:colcon.colcon_core.verb:set package 'BiStable_scripts' build argument 'cmake_target' from command line to 'None'
[1.625s] Level 5:colcon.colcon_core.verb:set package 'BiStable_scripts' build argument 'cmake_target_skip_unavailable' from command line to 'False'
[1.625s] Level 5:colcon.colcon_core.verb:set package 'BiStable_scripts' build argument 'cmake_clean_cache' from command line to 'False'
[1.625s] Level 5:colcon.colcon_core.verb:set package 'BiStable_scripts' build argument 'cmake_clean_first' from command line to 'False'
[1.625s] Level 5:colcon.colcon_core.verb:set package 'BiStable_scripts' build argument 'cmake_force_configure' from command line to 'False'
[1.625s] Level 5:colcon.colcon_core.verb:set package 'BiStable_scripts' build argument 'ament_cmake_args' from command line to 'None'
[1.625s] Level 5:colcon.colcon_core.verb:set package 'BiStable_scripts' build argument 'catkin_cmake_args' from command line to 'None'
[1.625s] Level 5:colcon.colcon_core.verb:set package 'BiStable_scripts' build argument 'catkin_skip_building_tests' from command line to 'False'
[1.625s] DEBUG:colcon.colcon_core.verb:Building package 'BiStable_scripts' with the following arguments: {'ament_cmake_args': None, 'build_base': '/home/the_hassan_shahzad/ros2_ws/src/BiStable_scripts/build/BiStable_scripts', 'catkin_cmake_args': None, 'catkin_skip_building_tests': False, 'cmake_args': None, 'cmake_clean_cache': False, 'cmake_clean_first': False, 'cmake_force_configure': False, 'cmake_target': None, 'cmake_target_skip_unavailable': False, 'install_base': '/home/the_hassan_shahzad/ros2_ws/src/BiStable_scripts/install/BiStable_scripts', 'merge_install': False, 'path': '/home/the_hassan_shahzad/ros2_ws/src/BiStable_scripts', 'symlink_install': False, 'test_result_base': None}
[1.644s] INFO:colcon.colcon_core.executor:Executing jobs using 'parallel' executor
[1.662s] DEBUG:colcon.colcon_parallel_executor.executor.parallel:run_until_complete
[1.663s] INFO:colcon.colcon_ros.task.ament_python.build:Building ROS package in '/home/the_hassan_shahzad/ros2_ws/src/BiStable_scripts' with build type 'ament_python'
[1.663s] Level 1:colcon.colcon_core.shell:create_environment_hook('BiStable_scripts', 'ament_prefix_path')
[1.683s] INFO:colcon.colcon_core.plugin_system:Skipping extension 'colcon_core.shell.bat': Not used on non-Windows systems
[1.683s] INFO:colcon.colcon_core.shell:Creating environment hook '/home/the_hassan_shahzad/ros2_ws/src/BiStable_scripts/install/BiStable_scripts/share/BiStable_scripts/hook/ament_prefix_path.ps1'
[1.684s] INFO:colcon.colcon_core.shell:Creating environment descriptor '/home/the_hassan_shahzad/ros2_ws/src/BiStable_scripts/install/BiStable_scripts/share/BiStable_scripts/hook/ament_prefix_path.dsv'
[1.684s] INFO:colcon.colcon_core.shell:Creating environment hook '/home/the_hassan_shahzad/ros2_ws/src/BiStable_scripts/install/BiStable_scripts/share/BiStable_scripts/hook/ament_prefix_path.sh'
[1.704s] INFO:colcon.colcon_core.shell:Skip shell extension 'powershell' for command environment: Not usable outside of PowerShell
[1.705s] DEBUG:colcon.colcon_core.shell:Skip shell extension 'dsv' for command environment
[2.171s] INFO:colcon.colcon_core.task.python.build:Building Python package in '/home/the_hassan_shahzad/ros2_ws/src/BiStable_scripts'
[2.192s] INFO:colcon.colcon_core.shell:Skip shell extension 'powershell' for command environment: Not usable outside of PowerShell
[2.192s] DEBUG:colcon.colcon_core.shell:Skip shell extension 'dsv' for command environment
[2.858s] DEBUG:colcon.colcon_core.event_handler.log_command:Invoking command in '/home/the_hassan_shahzad/ros2_ws/src/BiStable_scripts': PYTHONPATH=/home/the_hassan_shahzad/ros2_ws/src/BiStable_scripts/build/BiStable_scripts/prefix_override:/home/the_hassan_shahzad/ros2_ws/src/BiStable_scripts/install/BiStable_scripts/lib/python3.10/site-packages:${PYTHONPATH} /usr/bin/python3 setup.py egg_info --egg-base build/BiStable_scripts build --build-base /home/the_hassan_shahzad/ros2_ws/src/BiStable_scripts/build/BiStable_scripts/build install --record /home/the_hassan_shahzad/ros2_ws/src/BiStable_scripts/build/BiStable_scripts/install.log --single-version-externally-managed
[3.293s] DEBUG:colcon.colcon_core.event_handler.log_command:Invoked command in '/home/the_hassan_shahzad/ros2_ws/src/BiStable_scripts' returned '0': PYTHONPATH=/home/the_hassan_shahzad/ros2_ws/src/BiStable_scripts/build/BiStable_scripts/prefix_override:/home/the_hassan_shahzad/ros2_ws/src/BiStable_scripts/install/BiStable_scripts/lib/python3.10/site-packages:${PYTHONPATH} /usr/bin/python3 setup.py egg_info --egg-base build/BiStable_scripts build --build-base /home/the_hassan_shahzad/ros2_ws/src/BiStable_scripts/build/BiStable_scripts/build install --record /home/the_hassan_shahzad/ros2_ws/src/BiStable_scripts/build/BiStable_scripts/install.log --single-version-externally-managed
[3.318s] Level 1:colcon.colcon_core.environment:checking '/home/the_hassan_shahzad/ros2_ws/src/BiStable_scripts/install/BiStable_scripts' for CMake module files
[3.318s] Level 1:colcon.colcon_core.environment:checking '/home/the_hassan_shahzad/ros2_ws/src/BiStable_scripts/install/BiStable_scripts' for CMake config files
[3.319s] Level 1:colcon.colcon_core.environment:checking '/home/the_hassan_shahzad/ros2_ws/src/BiStable_scripts/install/BiStable_scripts/lib'
[3.319s] Level 1:colcon.colcon_core.environment:checking '/home/the_hassan_shahzad/ros2_ws/src/BiStable_scripts/install/BiStable_scripts/bin'
[3.319s] Level 1:colcon.colcon_core.environment:checking '/home/the_hassan_shahzad/ros2_ws/src/BiStable_scripts/install/BiStable_scripts/lib/pkgconfig/BiStable_scripts.pc'
[3.320s] Level 1:colcon.colcon_core.environment:checking '/home/the_hassan_shahzad/ros2_ws/src/BiStable_scripts/install/BiStable_scripts/lib/python3.10/site-packages'
[3.320s] Level 1:colcon.colcon_core.shell:create_environment_hook('BiStable_scripts', 'pythonpath')
[3.340s] INFO:colcon.colcon_core.shell:Creating environment hook '/home/the_hassan_shahzad/ros2_ws/src/BiStable_scripts/install/BiStable_scripts/share/BiStable_scripts/hook/pythonpath.ps1'
[3.340s] INFO:colcon.colcon_core.shell:Creating environment descriptor '/home/the_hassan_shahzad/ros2_ws/src/BiStable_scripts/install/BiStable_scripts/share/BiStable_scripts/hook/pythonpath.dsv'
[3.340s] INFO:colcon.colcon_core.shell:Creating environment hook '/home/the_hassan_shahzad/ros2_ws/src/BiStable_scripts/install/BiStable_scripts/share/BiStable_scripts/hook/pythonpath.sh'
[3.341s] Level 1:colcon.colcon_core.environment:checking '/home/the_hassan_shahzad/ros2_ws/src/BiStable_scripts/install/BiStable_scripts/bin'
[3.341s] Level 1:colcon.colcon_core.environment:create_environment_scripts_only(BiStable_scripts)
[3.359s] INFO:colcon.colcon_core.shell:Creating package script '/home/the_hassan_shahzad/ros2_ws/src/BiStable_scripts/install/BiStable_scripts/share/BiStable_scripts/package.ps1'
[3.360s] INFO:colcon.colcon_core.shell:Creating package descriptor '/home/the_hassan_shahzad/ros2_ws/src/BiStable_scripts/install/BiStable_scripts/share/BiStable_scripts/package.dsv'
[3.361s] INFO:colcon.colcon_core.shell:Creating package script '/home/the_hassan_shahzad/ros2_ws/src/BiStable_scripts/install/BiStable_scripts/share/BiStable_scripts/package.sh'
[3.361s] INFO:colcon.colcon_core.shell:Creating package script '/home/the_hassan_shahzad/ros2_ws/src/BiStable_scripts/install/BiStable_scripts/share/BiStable_scripts/package.bash'
[3.362s] INFO:colcon.colcon_core.shell:Creating package script '/home/the_hassan_shahzad/ros2_ws/src/BiStable_scripts/install/BiStable_scripts/share/BiStable_scripts/package.zsh'
[3.363s] Level 1:colcon.colcon_core.environment:create_file_with_runtime_dependencies(/home/the_hassan_shahzad/ros2_ws/src/BiStable_scripts/install/BiStable_scripts/share/colcon-core/packages/BiStable_scripts)
[3.363s] DEBUG:colcon.colcon_parallel_executor.executor.parallel:closing loop
[3.363s] DEBUG:colcon.colcon_parallel_executor.executor.parallel:loop closed
[3.363s] DEBUG:colcon.colcon_parallel_executor.executor.parallel:run_until_complete finished with '0'
[3.364s] DEBUG:colcon.colcon_core.event_reactor:joining thread
[3.393s] INFO:colcon.colcon_core.plugin_system:Skipping extension 'colcon_notification.desktop_notification.terminal_notifier': Not used on non-Darwin systems
[3.393s] INFO:colcon.colcon_core.plugin_system:Skipping extension 'colcon_notification.desktop_notification.win32': Not used on non-Windows systems
[3.393s] INFO:colcon.colcon_notification.desktop_notification:Sending desktop notification using 'notify2'
[3.411s] DEBUG:colcon.colcon_core.event_reactor:joined thread
[3.436s] INFO:colcon.colcon_core.shell:Creating prefix script '/home/the_hassan_shahzad/ros2_ws/src/BiStable_scripts/install/local_setup.ps1'
[3.437s] INFO:colcon.colcon_core.shell:Creating prefix util module '/home/the_hassan_shahzad/ros2_ws/src/BiStable_scripts/install/_local_setup_util_ps1.py'
[3.439s] INFO:colcon.colcon_core.shell:Creating prefix chain script '/home/the_hassan_shahzad/ros2_ws/src/BiStable_scripts/install/setup.ps1'
[3.468s] INFO:colcon.colcon_core.shell:Creating prefix script '/home/the_hassan_shahzad/ros2_ws/src/BiStable_scripts/install/local_setup.sh'
[3.469s] INFO:colcon.colcon_core.shell:Creating prefix util module '/home/the_hassan_shahzad/ros2_ws/src/BiStable_scripts/install/_local_setup_util_sh.py'
[3.469s] INFO:colcon.colcon_core.shell:Creating prefix chain script '/home/the_hassan_shahzad/ros2_ws/src/BiStable_scripts/install/setup.sh'
[3.497s] INFO:colcon.colcon_core.shell:Creating prefix script '/home/the_hassan_shahzad/ros2_ws/src/BiStable_scripts/install/local_setup.bash'
[3.497s] INFO:colcon.colcon_core.shell:Creating prefix chain script '/home/the_hassan_shahzad/ros2_ws/src/BiStable_scripts/install/setup.bash'
[3.523s] INFO:colcon.colcon_core.shell:Creating prefix script '/home/the_hassan_shahzad/ros2_ws/src/BiStable_scripts/install/local_setup.zsh'
[3.524s] INFO:colcon.colcon_core.shell:Creating prefix chain script '/home/the_hassan_shahzad/ros2_ws/src/BiStable_scripts/install/setup.zsh'
