[1.191s] Invoking command in '/home/the_hassan_shahzad/ros2_ws/src/BiStable_scripts': PYTHONPATH=/home/the_hassan_shahzad/ros2_ws/src/BiStable_scripts/build/BiStable_scripts/prefix_override:/home/the_hassan_shahzad/ros2_ws/src/BiStable_scripts/install/BiStable_scripts/lib/python3.10/site-packages:${PYTHONPATH} /usr/bin/python3 setup.py egg_info --egg-base build/BiStable_scripts build --build-base /home/the_hassan_shahzad/ros2_ws/src/BiStable_scripts/build/BiStable_scripts/build install --record /home/the_hassan_shahzad/ros2_ws/src/BiStable_scripts/build/BiStable_scripts/install.log --single-version-externally-managed
[1.543s] running egg_info
[1.543s] writing build/BiStable_scripts/BiStable_scripts.egg-info/PKG-INFO
[1.544s] writing dependency_links to build/BiStable_scripts/BiStable_scripts.egg-info/dependency_links.txt
[1.544s] writing entry points to build/BiStable_scripts/BiStable_scripts.egg-info/entry_points.txt
[1.544s] writing requirements to build/BiStable_scripts/BiStable_scripts.egg-info/requires.txt
[1.544s] writing top-level names to build/BiStable_scripts/BiStable_scripts.egg-info/top_level.txt
[1.546s] reading manifest file 'build/BiStable_scripts/BiStable_scripts.egg-info/SOURCES.txt'
[1.547s] writing manifest file 'build/BiStable_scripts/BiStable_scripts.egg-info/SOURCES.txt'
[1.547s] running build
[1.547s] running build_py
[1.547s] copying BiStable_scripts/hand_tracking.py -> /home/the_hassan_shahzad/ros2_ws/src/BiStable_scripts/build/BiStable_scripts/build/lib/BiStable_scripts
[1.547s] running install
[1.548s] running install_lib
[1.549s] copying /home/the_hassan_shahzad/ros2_ws/src/BiStable_scripts/build/BiStable_scripts/build/lib/BiStable_scripts/hand_tracking.py -> /home/the_hassan_shahzad/ros2_ws/src/BiStable_scripts/install/BiStable_scripts/lib/python3.10/site-packages/BiStable_scripts
[1.550s] byte-compiling /home/the_hassan_shahzad/ros2_ws/src/BiStable_scripts/install/BiStable_scripts/lib/python3.10/site-packages/BiStable_scripts/hand_tracking.py to hand_tracking.cpython-310.pyc
[1.552s] running install_data
[1.553s] running install_egg_info
[1.555s] removing '/home/the_hassan_shahzad/ros2_ws/src/BiStable_scripts/install/BiStable_scripts/lib/python3.10/site-packages/BiStable_scripts-0.0.0-py3.10.egg-info' (and everything under it)
[1.556s] Copying build/BiStable_scripts/BiStable_scripts.egg-info to /home/the_hassan_shahzad/ros2_ws/src/BiStable_scripts/install/BiStable_scripts/lib/python3.10/site-packages/BiStable_scripts-0.0.0-py3.10.egg-info
[1.556s] running install_scripts
[1.582s] Installing gamepad_publisher script to /home/the_hassan_shahzad/ros2_ws/src/BiStable_scripts/install/BiStable_scripts/lib/BiStable_scripts
[1.582s] Installing gamepad_publisher_custom_msg script to /home/the_hassan_shahzad/ros2_ws/src/BiStable_scripts/install/BiStable_scripts/lib/BiStable_scripts
[1.582s] Installing tracking_publisher script to /home/the_hassan_shahzad/ros2_ws/src/BiStable_scripts/install/BiStable_scripts/lib/BiStable_scripts
[1.582s] writing list of installed files to '/home/the_hassan_shahzad/ros2_ws/src/BiStable_scripts/build/BiStable_scripts/install.log'
[1.607s] Invoked command in '/home/the_hassan_shahzad/ros2_ws/src/BiStable_scripts' returned '0': PYTHONPATH=/home/the_hassan_shahzad/ros2_ws/src/BiStable_scripts/build/BiStable_scripts/prefix_override:/home/the_hassan_shahzad/ros2_ws/src/BiStable_scripts/install/BiStable_scripts/lib/python3.10/site-packages:${PYTHONPATH} /usr/bin/python3 setup.py egg_info --egg-base build/BiStable_scripts build --build-base /home/the_hassan_shahzad/ros2_ws/src/BiStable_scripts/build/BiStable_scripts/build install --record /home/the_hassan_shahzad/ros2_ws/src/BiStable_scripts/build/BiStable_scripts/install.log --single-version-externally-managed
