[1.124s] Invoking command in '/home/the_hassan_shahzad/ros2_ws/src/BiStable_scripts': PYTHONPATH=/home/the_hassan_shahzad/ros2_ws/src/BiStable_scripts/build/BiStable_scripts/prefix_override:/home/the_hassan_shahzad/ros2_ws/src/BiStable_scripts/install/BiStable_scripts/lib/python3.10/site-packages:${PYTHONPATH} /usr/bin/python3 setup.py egg_info --egg-base build/BiStable_scripts build --build-base /home/the_hassan_shahzad/ros2_ws/src/BiStable_scripts/build/BiStable_scripts/build install --record /home/the_hassan_shahzad/ros2_ws/src/BiStable_scripts/build/BiStable_scripts/install.log --single-version-externally-managed
[1.438s] running egg_info
[1.439s] writing build/BiStable_scripts/BiStable_scripts.egg-info/PKG-INFO
[1.439s] writing dependency_links to build/BiStable_scripts/BiStable_scripts.egg-info/dependency_links.txt
[1.439s] writing entry points to build/BiStable_scripts/BiStable_scripts.egg-info/entry_points.txt
[1.439s] writing requirements to build/BiStable_scripts/BiStable_scripts.egg-info/requires.txt
[1.439s] writing top-level names to build/BiStable_scripts/BiStable_scripts.egg-info/top_level.txt
[1.441s] reading manifest file 'build/BiStable_scripts/BiStable_scripts.egg-info/SOURCES.txt'
[1.442s] writing manifest file 'build/BiStable_scripts/BiStable_scripts.egg-info/SOURCES.txt'
[1.442s] running build
[1.442s] running build_py
[1.442s] copying BiStable_scripts/joystick_publisher_class.py -> /home/the_hassan_shahzad/ros2_ws/src/BiStable_scripts/build/BiStable_scripts/build/lib/BiStable_scripts
[1.443s] running install
[1.443s] running install_lib
[1.444s] copying /home/the_hassan_shahzad/ros2_ws/src/BiStable_scripts/build/BiStable_scripts/build/lib/BiStable_scripts/joystick_publisher_class.py -> /home/the_hassan_shahzad/ros2_ws/src/BiStable_scripts/install/BiStable_scripts/lib/python3.10/site-packages/BiStable_scripts
[1.445s] byte-compiling /home/the_hassan_shahzad/ros2_ws/src/BiStable_scripts/install/BiStable_scripts/lib/python3.10/site-packages/BiStable_scripts/joystick_publisher_class.py to joystick_publisher_class.cpython-310.pyc
[1.446s] running install_data
[1.447s] running install_egg_info
[1.449s] removing '/home/the_hassan_shahzad/ros2_ws/src/BiStable_scripts/install/BiStable_scripts/lib/python3.10/site-packages/BiStable_scripts-0.0.0-py3.10.egg-info' (and everything under it)
[1.449s] Copying build/BiStable_scripts/BiStable_scripts.egg-info to /home/the_hassan_shahzad/ros2_ws/src/BiStable_scripts/install/BiStable_scripts/lib/python3.10/site-packages/BiStable_scripts-0.0.0-py3.10.egg-info
[1.450s] running install_scripts
[1.476s] Installing joystick_publisher script to /home/the_hassan_shahzad/ros2_ws/src/BiStable_scripts/install/BiStable_scripts/lib/BiStable_scripts
[1.476s] Installing joystick_publisher_class script to /home/the_hassan_shahzad/ros2_ws/src/BiStable_scripts/install/BiStable_scripts/lib/BiStable_scripts
[1.476s] writing list of installed files to '/home/the_hassan_shahzad/ros2_ws/src/BiStable_scripts/build/BiStable_scripts/install.log'
[1.501s] Invoked command in '/home/the_hassan_shahzad/ros2_ws/src/BiStable_scripts' returned '0': PYTHONPATH=/home/the_hassan_shahzad/ros2_ws/src/BiStable_scripts/build/BiStable_scripts/prefix_override:/home/the_hassan_shahzad/ros2_ws/src/BiStable_scripts/install/BiStable_scripts/lib/python3.10/site-packages:${PYTHONPATH} /usr/bin/python3 setup.py egg_info --egg-base build/BiStable_scripts build --build-base /home/the_hassan_shahzad/ros2_ws/src/BiStable_scripts/build/BiStable_scripts/build install --record /home/the_hassan_shahzad/ros2_ws/src/BiStable_scripts/build/BiStable_scripts/install.log --single-version-externally-managed
