running egg_info
creating build/BiStable_scripts/BiStable_scripts.egg-info
writing build/BiStable_scripts/BiStable_scripts.egg-info/PKG-INFO
writing dependency_links to build/BiStable_scripts/BiStable_scripts.egg-info/dependency_links.txt
writing entry points to build/BiStable_scripts/BiStable_scripts.egg-info/entry_points.txt
writing requirements to build/BiStable_scripts/BiStable_scripts.egg-info/requires.txt
writing top-level names to build/BiStable_scripts/BiStable_scripts.egg-info/top_level.txt
writing manifest file 'build/BiStable_scripts/BiStable_scripts.egg-info/SOURCES.txt'
reading manifest file 'build/BiStable_scripts/BiStable_scripts.egg-info/SOURCES.txt'
writing manifest file 'build/BiStable_scripts/BiStable_scripts.egg-info/SOURCES.txt'
running build
running build_py
creating /home/the_hassan_shahzad/ros2_ws/src/BiStable_scripts/build/BiStable_scripts/build
creating /home/the_hassan_shahzad/ros2_ws/src/BiStable_scripts/build/BiStable_scripts/build/lib
creating /home/the_hassan_shahzad/ros2_ws/src/BiStable_scripts/build/BiStable_scripts/build/lib/BiStable_scripts
copying BiStable_scripts/__init__.py -> /home/the_hassan_shahzad/ros2_ws/src/BiStable_scripts/build/BiStable_scripts/build/lib/BiStable_scripts
copying BiStable_scripts/joystick_publisher.py -> /home/the_hassan_shahzad/ros2_ws/src/BiStable_scripts/build/BiStable_scripts/build/lib/BiStable_scripts
copying BiStable_scripts/better_publisher.py -> /home/the_hassan_shahzad/ros2_ws/src/BiStable_scripts/build/BiStable_scripts/build/lib/BiStable_scripts
copying BiStable_scripts/L1R1.py -> /home/the_hassan_shahzad/ros2_ws/src/BiStable_scripts/build/BiStable_scripts/build/lib/BiStable_scripts
copying BiStable_scripts/gamepad_publisher.py -> /home/the_hassan_shahzad/ros2_ws/src/BiStable_scripts/build/BiStable_scripts/build/lib/BiStable_scripts
running install
running install_lib
creating /home/the_hassan_shahzad/ros2_ws/src/BiStable_scripts/install/BiStable_scripts/lib/python3.10/site-packages/BiStable_scripts
copying /home/the_hassan_shahzad/ros2_ws/src/BiStable_scripts/build/BiStable_scripts/build/lib/BiStable_scripts/__init__.py -> /home/the_hassan_shahzad/ros2_ws/src/BiStable_scripts/install/BiStable_scripts/lib/python3.10/site-packages/BiStable_scripts
copying /home/the_hassan_shahzad/ros2_ws/src/BiStable_scripts/build/BiStable_scripts/build/lib/BiStable_scripts/joystick_publisher.py -> /home/the_hassan_shahzad/ros2_ws/src/BiStable_scripts/install/BiStable_scripts/lib/python3.10/site-packages/BiStable_scripts
copying /home/the_hassan_shahzad/ros2_ws/src/BiStable_scripts/build/BiStable_scripts/build/lib/BiStable_scripts/better_publisher.py -> /home/the_hassan_shahzad/ros2_ws/src/BiStable_scripts/install/BiStable_scripts/lib/python3.10/site-packages/BiStable_scripts
copying /home/the_hassan_shahzad/ros2_ws/src/BiStable_scripts/build/BiStable_scripts/build/lib/BiStable_scripts/L1R1.py -> /home/the_hassan_shahzad/ros2_ws/src/BiStable_scripts/install/BiStable_scripts/lib/python3.10/site-packages/BiStable_scripts
copying /home/the_hassan_shahzad/ros2_ws/src/BiStable_scripts/build/BiStable_scripts/build/lib/BiStable_scripts/gamepad_publisher.py -> /home/the_hassan_shahzad/ros2_ws/src/BiStable_scripts/install/BiStable_scripts/lib/python3.10/site-packages/BiStable_scripts
byte-compiling /home/the_hassan_shahzad/ros2_ws/src/BiStable_scripts/install/BiStable_scripts/lib/python3.10/site-packages/BiStable_scripts/__init__.py to __init__.cpython-310.pyc
byte-compiling /home/the_hassan_shahzad/ros2_ws/src/BiStable_scripts/install/BiStable_scripts/lib/python3.10/site-packages/BiStable_scripts/joystick_publisher.py to joystick_publisher.cpython-310.pyc
byte-compiling /home/the_hassan_shahzad/ros2_ws/src/BiStable_scripts/install/BiStable_scripts/lib/python3.10/site-packages/BiStable_scripts/better_publisher.py to better_publisher.cpython-310.pyc
byte-compiling /home/the_hassan_shahzad/ros2_ws/src/BiStable_scripts/install/BiStable_scripts/lib/python3.10/site-packages/BiStable_scripts/L1R1.py to L1R1.cpython-310.pyc
byte-compiling /home/the_hassan_shahzad/ros2_ws/src/BiStable_scripts/install/BiStable_scripts/lib/python3.10/site-packages/BiStable_scripts/gamepad_publisher.py to gamepad_publisher.cpython-310.pyc
running install_data
creating /home/the_hassan_shahzad/ros2_ws/src/BiStable_scripts/install/BiStable_scripts/share/ament_index
creating /home/the_hassan_shahzad/ros2_ws/src/BiStable_scripts/install/BiStable_scripts/share/ament_index/resource_index
creating /home/the_hassan_shahzad/ros2_ws/src/BiStable_scripts/install/BiStable_scripts/share/ament_index/resource_index/packages
copying resource/BiStable_scripts -> /home/the_hassan_shahzad/ros2_ws/src/BiStable_scripts/install/BiStable_scripts/share/ament_index/resource_index/packages
copying package.xml -> /home/the_hassan_shahzad/ros2_ws/src/BiStable_scripts/install/BiStable_scripts/share/BiStable_scripts
running install_egg_info
Copying build/BiStable_scripts/BiStable_scripts.egg-info to /home/the_hassan_shahzad/ros2_ws/src/BiStable_scripts/install/BiStable_scripts/lib/python3.10/site-packages/BiStable_scripts-0.0.0-py3.10.egg-info
running install_scripts
Installing joystick_publisher script to /home/the_hassan_shahzad/ros2_ws/src/BiStable_scripts/install/BiStable_scripts/lib/BiStable_scripts
writing list of installed files to '/home/the_hassan_shahzad/ros2_ws/src/BiStable_scripts/build/BiStable_scripts/install.log'
