[0.668s] Invoking command in '/home/the_hassan_shahzad/ros2_ws/src/BiStable_scripts': PYTHONPATH=/home/the_hassan_shahzad/ros2_ws/src/BiStable_scripts/build/BiStable_scripts/prefix_override:/home/the_hassan_shahzad/ros2_ws/src/BiStable_scripts/install/BiStable_scripts/lib/python3.10/site-packages:${PYTHONPATH} /usr/bin/python3 setup.py egg_info --egg-base build/BiStable_scripts build --build-base /home/the_hassan_shahzad/ros2_ws/src/BiStable_scripts/build/BiStable_scripts/build install --record /home/the_hassan_shahzad/ros2_ws/src/BiStable_scripts/build/BiStable_scripts/install.log --single-version-externally-managed
[0.851s] running egg_info
[0.852s] creating build/BiStable_scripts/BiStable_scripts.egg-info
[0.852s] writing build/BiStable_scripts/BiStable_scripts.egg-info/PKG-INFO
[0.852s] writing dependency_links to build/BiStable_scripts/BiStable_scripts.egg-info/dependency_links.txt
[0.852s] writing entry points to build/BiStable_scripts/BiStable_scripts.egg-info/entry_points.txt
[0.852s] writing requirements to build/BiStable_scripts/BiStable_scripts.egg-info/requires.txt
[0.852s] writing top-level names to build/BiStable_scripts/BiStable_scripts.egg-info/top_level.txt
[0.853s] writing manifest file 'build/BiStable_scripts/BiStable_scripts.egg-info/SOURCES.txt'
[0.853s] reading manifest file 'build/BiStable_scripts/BiStable_scripts.egg-info/SOURCES.txt'
[0.854s] writing manifest file 'build/BiStable_scripts/BiStable_scripts.egg-info/SOURCES.txt'
[0.854s] running build
[0.854s] running build_py
[0.854s] creating /home/the_hassan_shahzad/ros2_ws/src/BiStable_scripts/build/BiStable_scripts/build
[0.854s] creating /home/the_hassan_shahzad/ros2_ws/src/BiStable_scripts/build/BiStable_scripts/build/lib
[0.854s] creating /home/the_hassan_shahzad/ros2_ws/src/BiStable_scripts/build/BiStable_scripts/build/lib/BiStable_scripts
[0.854s] copying BiStable_scripts/__init__.py -> /home/the_hassan_shahzad/ros2_ws/src/BiStable_scripts/build/BiStable_scripts/build/lib/BiStable_scripts
[0.854s] copying BiStable_scripts/joystick_publisher.py -> /home/the_hassan_shahzad/ros2_ws/src/BiStable_scripts/build/BiStable_scripts/build/lib/BiStable_scripts
[0.854s] copying BiStable_scripts/better_publisher.py -> /home/the_hassan_shahzad/ros2_ws/src/BiStable_scripts/build/BiStable_scripts/build/lib/BiStable_scripts
[0.855s] copying BiStable_scripts/L1R1.py -> /home/the_hassan_shahzad/ros2_ws/src/BiStable_scripts/build/BiStable_scripts/build/lib/BiStable_scripts
[0.855s] copying BiStable_scripts/gamepad_publisher.py -> /home/the_hassan_shahzad/ros2_ws/src/BiStable_scripts/build/BiStable_scripts/build/lib/BiStable_scripts
[0.855s] running install
[0.855s] running install_lib
[0.855s] creating /home/the_hassan_shahzad/ros2_ws/src/BiStable_scripts/install/BiStable_scripts/lib/python3.10/site-packages/BiStable_scripts
[0.855s] copying /home/the_hassan_shahzad/ros2_ws/src/BiStable_scripts/build/BiStable_scripts/build/lib/BiStable_scripts/__init__.py -> /home/the_hassan_shahzad/ros2_ws/src/BiStable_scripts/install/BiStable_scripts/lib/python3.10/site-packages/BiStable_scripts
[0.855s] copying /home/the_hassan_shahzad/ros2_ws/src/BiStable_scripts/build/BiStable_scripts/build/lib/BiStable_scripts/joystick_publisher.py -> /home/the_hassan_shahzad/ros2_ws/src/BiStable_scripts/install/BiStable_scripts/lib/python3.10/site-packages/BiStable_scripts
[0.855s] copying /home/the_hassan_shahzad/ros2_ws/src/BiStable_scripts/build/BiStable_scripts/build/lib/BiStable_scripts/better_publisher.py -> /home/the_hassan_shahzad/ros2_ws/src/BiStable_scripts/install/BiStable_scripts/lib/python3.10/site-packages/BiStable_scripts
[0.855s] copying /home/the_hassan_shahzad/ros2_ws/src/BiStable_scripts/build/BiStable_scripts/build/lib/BiStable_scripts/L1R1.py -> /home/the_hassan_shahzad/ros2_ws/src/BiStable_scripts/install/BiStable_scripts/lib/python3.10/site-packages/BiStable_scripts
[0.855s] copying /home/the_hassan_shahzad/ros2_ws/src/BiStable_scripts/build/BiStable_scripts/build/lib/BiStable_scripts/gamepad_publisher.py -> /home/the_hassan_shahzad/ros2_ws/src/BiStable_scripts/install/BiStable_scripts/lib/python3.10/site-packages/BiStable_scripts
[0.855s] byte-compiling /home/the_hassan_shahzad/ros2_ws/src/BiStable_scripts/install/BiStable_scripts/lib/python3.10/site-packages/BiStable_scripts/__init__.py to __init__.cpython-310.pyc
[0.856s] byte-compiling /home/the_hassan_shahzad/ros2_ws/src/BiStable_scripts/install/BiStable_scripts/lib/python3.10/site-packages/BiStable_scripts/joystick_publisher.py to joystick_publisher.cpython-310.pyc
[0.856s] byte-compiling /home/the_hassan_shahzad/ros2_ws/src/BiStable_scripts/install/BiStable_scripts/lib/python3.10/site-packages/BiStable_scripts/better_publisher.py to better_publisher.cpython-310.pyc
[0.856s] byte-compiling /home/the_hassan_shahzad/ros2_ws/src/BiStable_scripts/install/BiStable_scripts/lib/python3.10/site-packages/BiStable_scripts/L1R1.py to L1R1.cpython-310.pyc
[0.856s] byte-compiling /home/the_hassan_shahzad/ros2_ws/src/BiStable_scripts/install/BiStable_scripts/lib/python3.10/site-packages/BiStable_scripts/gamepad_publisher.py to gamepad_publisher.cpython-310.pyc
[0.856s] running install_data
[0.857s] creating /home/the_hassan_shahzad/ros2_ws/src/BiStable_scripts/install/BiStable_scripts/share/ament_index
[0.857s] creating /home/the_hassan_shahzad/ros2_ws/src/BiStable_scripts/install/BiStable_scripts/share/ament_index/resource_index
[0.857s] creating /home/the_hassan_shahzad/ros2_ws/src/BiStable_scripts/install/BiStable_scripts/share/ament_index/resource_index/packages
[0.857s] copying resource/BiStable_scripts -> /home/the_hassan_shahzad/ros2_ws/src/BiStable_scripts/install/BiStable_scripts/share/ament_index/resource_index/packages
[0.857s] copying package.xml -> /home/the_hassan_shahzad/ros2_ws/src/BiStable_scripts/install/BiStable_scripts/share/BiStable_scripts
[0.857s] running install_egg_info
[0.858s] Copying build/BiStable_scripts/BiStable_scripts.egg-info to /home/the_hassan_shahzad/ros2_ws/src/BiStable_scripts/install/BiStable_scripts/lib/python3.10/site-packages/BiStable_scripts-0.0.0-py3.10.egg-info
[0.858s] running install_scripts
[0.871s] Installing joystick_publisher script to /home/the_hassan_shahzad/ros2_ws/src/BiStable_scripts/install/BiStable_scripts/lib/BiStable_scripts
[0.872s] writing list of installed files to '/home/the_hassan_shahzad/ros2_ws/src/BiStable_scripts/build/BiStable_scripts/install.log'
[0.888s] Invoked command in '/home/the_hassan_shahzad/ros2_ws/src/BiStable_scripts' returned '0': PYTHONPATH=/home/the_hassan_shahzad/ros2_ws/src/BiStable_scripts/build/BiStable_scripts/prefix_override:/home/the_hassan_shahzad/ros2_ws/src/BiStable_scripts/install/BiStable_scripts/lib/python3.10/site-packages:${PYTHONPATH} /usr/bin/python3 setup.py egg_info --egg-base build/BiStable_scripts build --build-base /home/the_hassan_shahzad/ros2_ws/src/BiStable_scripts/build/BiStable_scripts/build install --record /home/the_hassan_shahzad/ros2_ws/src/BiStable_scripts/build/BiStable_scripts/install.log --single-version-externally-managed
