running egg_info
writing build/BiStable_scripts/BiStable_scripts.egg-info/PKG-INFO
writing dependency_links to build/BiStable_scripts/BiStable_scripts.egg-info/dependency_links.txt
writing entry points to build/BiStable_scripts/BiStable_scripts.egg-info/entry_points.txt
writing requirements to build/BiStable_scripts/BiStable_scripts.egg-info/requires.txt
writing top-level names to build/BiStable_scripts/BiStable_scripts.egg-info/top_level.txt
reading manifest file 'build/BiStable_scripts/BiStable_scripts.egg-info/SOURCES.txt'
writing manifest file 'build/BiStable_scripts/BiStable_scripts.egg-info/SOURCES.txt'
running build
running build_py
copying BiStable_scripts/hand_tracking.py -> /home/the_hassan_shahzad/ros2_ws/src/BiStable_scripts/build/BiStable_scripts/build/lib/BiStable_scripts
copying BiStable_scripts/combiner_node.py -> /home/the_hassan_shahzad/ros2_ws/src/BiStable_scripts/build/BiStable_scripts/build/lib/BiStable_scripts
running install
running install_lib
copying /home/the_hassan_shahzad/ros2_ws/src/BiStable_scripts/build/BiStable_scripts/build/lib/BiStable_scripts/hand_tracking.py -> /home/the_hassan_shahzad/ros2_ws/src/BiStable_scripts/install/BiStable_scripts/lib/python3.10/site-packages/BiStable_scripts
copying /home/the_hassan_shahzad/ros2_ws/src/BiStable_scripts/build/BiStable_scripts/build/lib/BiStable_scripts/combiner_node.py -> /home/the_hassan_shahzad/ros2_ws/src/BiStable_scripts/install/BiStable_scripts/lib/python3.10/site-packages/BiStable_scripts
byte-compiling /home/the_hassan_shahzad/ros2_ws/src/BiStable_scripts/install/BiStable_scripts/lib/python3.10/site-packages/BiStable_scripts/hand_tracking.py to hand_tracking.cpython-310.pyc
byte-compiling /home/the_hassan_shahzad/ros2_ws/src/BiStable_scripts/install/BiStable_scripts/lib/python3.10/site-packages/BiStable_scripts/combiner_node.py to combiner_node.cpython-310.pyc
running install_data
running install_egg_info
removing '/home/the_hassan_shahzad/ros2_ws/src/BiStable_scripts/install/BiStable_scripts/lib/python3.10/site-packages/BiStable_scripts-0.0.0-py3.10.egg-info' (and everything under it)
Copying build/BiStable_scripts/BiStable_scripts.egg-info to /home/the_hassan_shahzad/ros2_ws/src/BiStable_scripts/install/BiStable_scripts/lib/python3.10/site-packages/BiStable_scripts-0.0.0-py3.10.egg-info
running install_scripts
Installing combiner_node script to /home/the_hassan_shahzad/ros2_ws/src/BiStable_scripts/install/BiStable_scripts/lib/BiStable_scripts
Installing gamepad_publisher script to /home/the_hassan_shahzad/ros2_ws/src/BiStable_scripts/install/BiStable_scripts/lib/BiStable_scripts
Installing gamepad_publisher_custom_msg script to /home/the_hassan_shahzad/ros2_ws/src/BiStable_scripts/install/BiStable_scripts/lib/BiStable_scripts
Installing tracking_publisher script to /home/the_hassan_shahzad/ros2_ws/src/BiStable_scripts/install/BiStable_scripts/lib/BiStable_scripts
writing list of installed files to '/home/the_hassan_shahzad/ros2_ws/src/BiStable_scripts/build/BiStable_scripts/install.log'
