[0.593s] Invoking command in '/home/the_hassan_shahzad/ros2_ws/src/BiStable_scripts': PYTHONPATH=/home/the_hassan_shahzad/ros2_ws/src/BiStable_scripts/build/BiStable_scripts/prefix_override:/home/the_hassan_shahzad/ros2_ws/src/BiStable_scripts/install/BiStable_scripts/lib/python3.10/site-packages:${PYTHONPATH} /usr/bin/python3 setup.py egg_info --egg-base build/BiStable_scripts build --build-base /home/the_hassan_shahzad/ros2_ws/src/BiStable_scripts/build/BiStable_scripts/build install --record /home/the_hassan_shahzad/ros2_ws/src/BiStable_scripts/build/BiStable_scripts/install.log --single-version-externally-managed
[0.778s] running egg_info
[0.778s] writing build/BiStable_scripts/BiStable_scripts.egg-info/PKG-INFO
[0.779s] writing dependency_links to build/BiStable_scripts/BiStable_scripts.egg-info/dependency_links.txt
[0.779s] writing entry points to build/BiStable_scripts/BiStable_scripts.egg-info/entry_points.txt
[0.779s] writing requirements to build/BiStable_scripts/BiStable_scripts.egg-info/requires.txt
[0.779s] writing top-level names to build/BiStable_scripts/BiStable_scripts.egg-info/top_level.txt
[0.780s] reading manifest file 'build/BiStable_scripts/BiStable_scripts.egg-info/SOURCES.txt'
[0.780s] writing manifest file 'build/BiStable_scripts/BiStable_scripts.egg-info/SOURCES.txt'
[0.780s] running build
[0.780s] running build_py
[0.781s] copying BiStable_scripts/hand_tracking.py -> /home/the_hassan_shahzad/ros2_ws/src/BiStable_scripts/build/BiStable_scripts/build/lib/BiStable_scripts
[0.781s] copying BiStable_scripts/combiner_node.py -> /home/the_hassan_shahzad/ros2_ws/src/BiStable_scripts/build/BiStable_scripts/build/lib/BiStable_scripts
[0.781s] running install
[0.781s] running install_lib
[0.781s] copying /home/the_hassan_shahzad/ros2_ws/src/BiStable_scripts/build/BiStable_scripts/build/lib/BiStable_scripts/hand_tracking.py -> /home/the_hassan_shahzad/ros2_ws/src/BiStable_scripts/install/BiStable_scripts/lib/python3.10/site-packages/BiStable_scripts
[0.782s] copying /home/the_hassan_shahzad/ros2_ws/src/BiStable_scripts/build/BiStable_scripts/build/lib/BiStable_scripts/combiner_node.py -> /home/the_hassan_shahzad/ros2_ws/src/BiStable_scripts/install/BiStable_scripts/lib/python3.10/site-packages/BiStable_scripts
[0.782s] byte-compiling /home/the_hassan_shahzad/ros2_ws/src/BiStable_scripts/install/BiStable_scripts/lib/python3.10/site-packages/BiStable_scripts/hand_tracking.py to hand_tracking.cpython-310.pyc
[0.783s] byte-compiling /home/the_hassan_shahzad/ros2_ws/src/BiStable_scripts/install/BiStable_scripts/lib/python3.10/site-packages/BiStable_scripts/combiner_node.py to combiner_node.cpython-310.pyc
[0.783s] running install_data
[0.784s] running install_egg_info
[0.785s] removing '/home/the_hassan_shahzad/ros2_ws/src/BiStable_scripts/install/BiStable_scripts/lib/python3.10/site-packages/BiStable_scripts-0.0.0-py3.10.egg-info' (and everything under it)
[0.785s] Copying build/BiStable_scripts/BiStable_scripts.egg-info to /home/the_hassan_shahzad/ros2_ws/src/BiStable_scripts/install/BiStable_scripts/lib/python3.10/site-packages/BiStable_scripts-0.0.0-py3.10.egg-info
[0.785s] running install_scripts
[0.799s] Installing combiner_node script to /home/the_hassan_shahzad/ros2_ws/src/BiStable_scripts/install/BiStable_scripts/lib/BiStable_scripts
[0.799s] Installing gamepad_publisher script to /home/the_hassan_shahzad/ros2_ws/src/BiStable_scripts/install/BiStable_scripts/lib/BiStable_scripts
[0.799s] Installing gamepad_publisher_custom_msg script to /home/the_hassan_shahzad/ros2_ws/src/BiStable_scripts/install/BiStable_scripts/lib/BiStable_scripts
[0.799s] Installing tracking_publisher script to /home/the_hassan_shahzad/ros2_ws/src/BiStable_scripts/install/BiStable_scripts/lib/BiStable_scripts
[0.799s] writing list of installed files to '/home/the_hassan_shahzad/ros2_ws/src/BiStable_scripts/build/BiStable_scripts/install.log'
[0.814s] Invoked command in '/home/the_hassan_shahzad/ros2_ws/src/BiStable_scripts' returned '0': PYTHONPATH=/home/the_hassan_shahzad/ros2_ws/src/BiStable_scripts/build/BiStable_scripts/prefix_override:/home/the_hassan_shahzad/ros2_ws/src/BiStable_scripts/install/BiStable_scripts/lib/python3.10/site-packages:${PYTHONPATH} /usr/bin/python3 setup.py egg_info --egg-base build/BiStable_scripts build --build-base /home/the_hassan_shahzad/ros2_ws/src/BiStable_scripts/build/BiStable_scripts/build install --record /home/the_hassan_shahzad/ros2_ws/src/BiStable_scripts/build/BiStable_scripts/install.log --single-version-externally-managed
